localhost,Request URL http://1krowd1st.test/wp-content/themes/myticket/js/customizer.js?ver=20151215,
localhost,Request URL http://1krowd1st.test/wp-content/themes/myticket/js/customizer.js?ver=20151215,
localhost,Request URL http://1krowd1st.test/wp-content/themes/myticket/js/customizer.js?ver=20151215,
localhost,Request URL http://1krowd1st.test/wp-content/themes/myticket/js/customizer.js?ver=20151215,
localhost,Request URL http://1krowd1st.test/wp-content/themes/myticket/js/customizer.js?ver=20151215,
localhost,Request URL http://1krowd1st.test/wp-content/themes/myticket/js/customizer.js?ver=20151215,
localhost,Request URL http://1krowd1st.test/wp-content/themes/myticket/js/customizer.js?ver=20151215,
localhost,Request URL http://1krowd1st.test/wp-content/themes/myticket/js/customizer.js?ver=20151215,
localhost,Request URL http://1krowd1st.test/wp-content/themes/myticket/js/customizer.js?ver=20151215,
localhost,Request URL http://1krowd1st.test/wp-content/themes/myticket/js/customizer.js?ver=20151215,
localhost,Request URL http://1krowd1st.test/wp-content/themes/myticket/js/customizer.js?ver=20151215,
localhost,Request URL http://1krowd1st.test/wp-content/themes/myticket/js/customizer.js?ver=20151215,
localhost,Request URL http://1krowd1st.test/wp-content/themes/myticket/js/customizer.js?ver=20151215,
localhost,Request URL http://1krowd1st.test/wp-content/themes/myticket/js/customizer.js?ver=20151215,
localhost,Request URL http://1krowd1st.test/wp-content/themes/myticket/js/customizer.js?ver=20151215,
localhost,Request URL http://1krowd1st.test/wp-content/themes/myticket/js/customizer.js?ver=20151215,
localhost,Request URL http://1krowd1st.test/wp-content/themes/myticket/js/customizer.js?ver=20151215,
localhost,Request URL http://1krowd1st.test/wp-content/themes/myticket/js/customizer.js?ver=20151215,
localhost,Request URL http://1krowd1st.test/wp-content/themes/myticket/js/customizer.js?ver=20151215,
localhost,Request URL http://1krowd1st.test/wp-content/themes/myticket/fonts/glyphicons-halflings-regular.woff2,
localhost,Request URL http://1krowd1st.test/wp-content/themes/myticket/fonts/glyphicons-halflings-regular.woff,
localhost,Request URL http://1krowd1st.test/wp-content/themes/myticket/fonts/glyphicons-halflings-regular.ttf,
localhost,Request URL http://1krowd1st.test/wp-content/themes/myticket/js/customizer.js?ver=20151215,
localhost,Request URL http://1krowd1st.test/wp-content/themes/myticket/js/customizer.js?ver=20151215,
localhost,Request URL http://1krowd1st.test/announcements-news,
localhost,Request URL http://1krowd1st.test/announcements-news,
localhost,Request URL http://1krowd1st.test/wp-content/themes/myticket/js/customizer.js?ver=20151215,
localhost,Request URL http://1krowd1st.test/wp-content/themes/myticket/js/customizer.js?ver=20151215,
localhost,Request URL http://1krowd1st.test/announcements-news,
localhost,Request URL http://1krowd1st.test/wp-content/themes/myticket/js/customizer.js?ver=20151215,
localhost,Request URL http://1krowd1st.test/announcements-news,
localhost,Request URL http://1krowd1st.test/announcements-news,
localhost,Request URL http://1krowd1st.test/announcements-news,
localhost,Request URL http://1krowd1st.test/announcements-news,
localhost,Request URL http://1krowd1st.test/events-announcements,
localhost,Request URL http://1krowd1st.test/announcements-news,
localhost,Request URL http://1krowd1st.test/wp-content/themes/myticket/js/customizer.js?ver=20151215,
localhost,Request URL http://1krowd1st.test/wp-content/themes/myticket/js/customizer.js?ver=20151215,
localhost,Request URL http://1krowd1st.test/wp-content/themes/myticket/js/customizer.js?ver=20151215,
localhost,Request URL http://1krowd1st.test/wp-content/themes/myticket/js/customizer.js?ver=20151215,
localhost,Request URL http://1krowd1st.test/wp-content/themes/myticket/js/customizer.js?ver=20151215,
localhost,Request URL http://1krowd1st.test/wp-content/themes/myticket/js/customizer.js?ver=20151215,
localhost,Request URL http://1krowd1st.test/wp-content/themes/myticket/js/customizer.js?ver=20151215,
localhost,Request URL http://1krowd1st.test/wp-content/themes/myticket/js/customizer.js?ver=20151215,
