localhost,Request URL http://localhost/boothstand/boothstand/product/parent-product-hidden-and-private,
localhost,Request URL http://localhost/boothstand/boothstand/product/parent-product-hidden-and-private,
localhost,Request URL http://localhost/boothstand/boothstand/product/parent-product-hidden-and-private,
localhost,Request URL http://localhost/boothstand/boothstand/product/parent-product-hidden-and-private,
localhost,Request URL http://localhost/boothstand/boothstand/product/parent-product-hidden-and-private,
localhost,Request URL http://localhost/boothstand/boothstand/product/parent-product-hidden-and-private,
localhost,Request URL http://localhost/boothstand/boothstand/product/parent-product-hidden-and-private,
localhost,Request URL http://localhost/boothstand/boothstand/product/parent-product-hidden-and-private,
localhost,Request URL http://localhost/boothstand/boothstand/product/parent-product-hidden-and-private,
localhost,Request URL http://localhost/boothstand/boothstand/product/parent-product-hidden-and-private,
localhost,Request URL http://localhost/boothstand/boothstand/product/parent-product-hidden-and-private,
localhost,Request URL http://localhost/boothstand/boothstand/product/parent-product-hidden-and-private,
localhost,Request URL http://localhost/boothstand/boothstand/product/parent-product-hidden-and-private,
localhost,Request URL http://localhost/boothstand/boothstand/product/parent-product-hidden-and-private,
localhost,Request URL http://localhost/boothstand/boothstand/product/parent-product-hidden-and-private,
localhost,Request URL http://localhost/boothstand/boothstand/product/parent-product-hidden-and-private,
localhost,Request URL http://localhost/boothstand/boothstand/product/parent-product-hidden-and-private,
localhost,Request URL http://localhost/boothstand/boothstand/product/parent-product-hidden-and-private,
localhost,Request URL http://localhost/boothstand/boothstand/get-tickets/assets/images/add-product-graphic.png,
localhost,Request URL http://localhost/boothstand/boothstand/product/parent-product-hidden-and-private/?get=tickets,
localhost,Request URL http://localhost/boothstand/boothstand/wp-content/themes/myticket/css/bootstrap.min.css.map,
localhost,Request URL http://localhost/boothstand/boothstand/wp-content/themes/myticket/css/bootstrap.min.css.map,
localhost,Request URL http://localhost/boothstand/boothstand/wp-content/themes/myticket/css/bootstrap.min.css.map,
localhost,Request URL http://localhost/boothstand/boothstand/wp-content/plugins/dc-woocommerce-multi-vendor/assets/admin/css/chosen-sprite@2x.png,
localhost,Request URL http://localhost/boothstand/boothstand/wp-content/themes/myticket/js/bootstrap-select.js.map,
localhost,Request URL http://localhost/boothstand/boothstand/wp-content/themes/myticket/css/bootstrap.min.css.map,
localhost,Request URL http://localhost/boothstand/boothstand/wp-content/themes/myticket/css/bootstrap.min.css.map,
localhost,Request URL http://localhost/boothstand/boothstand/wp-content/themes/myticket/js/bootstrap-select.js.map,
localhost,Request URL http://localhost/boothstand/boothstand/wp-content/themes/myticket/css/bootstrap.min.css.map,
localhost,Request URL http://localhost/boothstand/boothstand/wp-content/themes/myticket/js/bootstrap-select.js.map,
localhost,Request URL http://localhost/boothstand/boothstand/wp-content/themes/myticket/css/bootstrap.min.css.map,
localhost,Request URL http://localhost/boothstand/boothstand/wp-content/themes/myticket/js/bootstrap-select.js.map,
localhost,Request URL http://localhost/boothstand/boothstand/wp-content/themes/myticket/css/bootstrap.min.css.map,
localhost,Request URL http://localhost/boothstand/boothstand/wp-content/themes/myticket/css/bootstrap.min.css.map,
localhost,Request URL http://localhost/boothstand/boothstand/wp-content/themes/myticket/js/bootstrap-select.js.map,
localhost,Request URL http://localhost/boothstand/boothstand/wp-content/themes/myticket/css/bootstrap.min.css.map,
localhost,Request URL http://localhost/boothstand/boothstand/wp-content/themes/myticket/css/bootstrap.min.css.map,
localhost,Request URL http://localhost/boothstand/boothstand/wp-content/themes/myticket/js/bootstrap-select.js.map,
localhost,Request URL http://localhost/boothstand/boothstand/wp-content/themes/myticket/css/bootstrap.min.css.map,
localhost,Request URL http://localhost/boothstand/boothstand/wp-content/themes/myticket/css/bootstrap.min.css.map,
localhost,Request URL http://localhost/boothstand/boothstand/wp-content/themes/myticket/js/bootstrap-select.js.map,
localhost,Request URL http://localhost/boothstand/boothstand/wp-content/themes/myticket/js/bootstrap-select.js.map,
localhost,Request URL http://localhost/boothstand/boothstand/wp-content/themes/myticket/css/bootstrap.min.css.map,
