localhost,Request URL http://localhost/1krowd1st/1krowd1st/wp-content/themes/myticket/js/customizer.js?ver=20151215,
localhost,Request URL http://localhost/1krowd1st/1krowd1st/wp-content/themes/myticket/js/customizer.js?ver=20151215,
localhost,Request URL http://localhost/1krowd1st/1krowd1st/wp-content/themes/myticket/js/myticket.min.js?ver=1.0.7,
localhost,Request URL http://localhost/1krowd1st/1krowd1st/wp-content/themes/myticket/css/myticket.min.css?ver=1.0.7,
localhost,Request URL http://localhost/1krowd1st/1krowd1st/wp-content/themes/myticket/js/customizer.js?ver=20151215,
localhost,Request URL http://localhost/1krowd1st/1krowd1st/wp-content/themes/myticket/js/myticket.min.js?ver=1.0.7,
localhost,Request URL http://localhost/1krowd1st/1krowd1st/wp-content/themes/myticket/js/customizer.js?ver=20151215,
localhost,Request URL http://localhost/1krowd1st/1krowd1st/wp-content/themes/myticket/css/myticket.min.css?ver=1.0.7,
localhost,Request URL http://localhost/1krowd1st/1krowd1st/wp-content/themes/myticket/js/myticket.min.js?ver=1.0.7,
localhost,Request URL http://localhost/1krowd1st/1krowd1st/wp-content/themes/myticket/js/customizer.js?ver=20151215,
localhost,Request URL http://localhost/1krowd1st/1krowd1st/wp-content/themes/myticket/js/myticket.min.js?ver=1.0.7,
localhost,Request URL http://localhost/1krowd1st/1krowd1st/wp-content/themes/myticket/js/customizer.js?ver=20151215,
localhost,Request URL http://localhost/1krowd1st/1krowd1st/wp-content/themes/myticket/css/myticket.min.css?ver=1.0.7,
localhost,Request URL http://localhost/1krowd1st/1krowd1st/wp-content/themes/myticket/js/myticket.min.js?ver=1.0.7,
localhost,Request URL http://localhost/1krowd1st/1krowd1st/wp-content/themes/myticket/js/customizer.js?ver=20151215,
localhost,Request URL http://localhost/1krowd1st/1krowd1st/wp-content/themes/myticket/js/myticket.min.js?ver=1.0.7,
localhost,Request URL http://localhost/1krowd1st/1krowd1st/wp-content/themes/myticket/js/myticket.min.js?ver=1.0.7,
localhost,Request URL http://localhost/1krowd1st/1krowd1st/wp-content/themes/myticket/css/myticket.min.css?ver=1.0.7,
localhost,Request URL http://localhost/1krowd1st/1krowd1st/wp-content/themes/myticket/js/customizer.js?ver=20151215,
localhost,Request URL http://localhost/1krowd1st/1krowd1st/wp-content/themes/myticket/css/myticket.min.css?ver=1.0.7,
localhost,Request URL http://localhost/1krowd1st/1krowd1st/wp-content/themes/myticket/js/myticket.min.js?ver=1.0.7,
localhost,Request URL http://localhost/1krowd1st/1krowd1st/wp-content/themes/myticket/js/customizer.js?ver=20151215,
localhost,Request URL http://localhost/1krowd1st/1krowd1st/wp-content/themes/myticket/js/customizer.js?ver=20151215,
localhost,Request URL http://localhost/1krowd1st/1krowd1st/wp-content/themes/myticket/css/myticket.min.css?ver=1.0.7,
localhost,Request URL http://localhost/1krowd1st/1krowd1st/wp-content/themes/myticket/js/customizer.js?ver=20151215,
localhost,Request URL http://localhost/1krowd1st/1krowd1st/wp-content/themes/myticket/js/myticket.min.js?ver=1.0.7,
localhost,Request URL http://localhost/1krowd1st/1krowd1st/wp-content/themes/myticket/js/customizer.js?ver=20151215,
localhost,Request URL http://localhost/1krowd1st/1krowd1st/wp-content/themes/myticket/css/myticket.min.css?ver=1.0.7,
localhost,Request URL http://localhost/1krowd1st/1krowd1st/wp-content/themes/myticket/js/myticket.min.js?ver=1.0.7,
localhost,Request URL http://localhost/1krowd1st/1krowd1st/wp-content/themes/myticket/js/customizer.js?ver=20151215,
localhost,Request URL http://localhost/1krowd1st/1krowd1st/wp-content/themes/myticket/js/myticket.min.js?ver=1.0.7,
localhost,Request URL http://localhost/1krowd1st/1krowd1st/wp-content/themes/myticket/js/customizer.js?ver=20151215,
localhost,Request URL http://localhost/1krowd1st/1krowd1st/wp-content/themes/myticket/js/myticket.min.js?ver=1.0.7,
localhost,Request URL http://localhost/1krowd1st/1krowd1st/wp-content/themes/myticket/css/myticket.min.css?ver=1.0.7,
localhost,Request URL http://localhost/1krowd1st/1krowd1st/wp-content/themes/myticket/js/customizer.js?ver=20151215,
localhost,Request URL http://localhost/1krowd1st/1krowd1st/wp-content/themes/myticket/js/myticket.min.js?ver=1.0.7,
localhost,Request URL http://localhost/1krowd1st/1krowd1st/wp-content/themes/myticket/css/myticket.min.css?ver=1.0.7,
localhost,Request URL http://localhost/1krowd1st/1krowd1st/wp-content/themes/myticket/js/myticket.min.js?ver=1.0.7,
localhost,Request URL http://localhost/1krowd1st/1krowd1st/wp-content/themes/myticket/js/customizer.js?ver=20151215,
localhost,Request URL http://localhost/1krowd1st/1krowd1st/wp-content/themes/myticket/js/customizer.js?ver=20151215,
localhost,Request URL http://localhost/1krowd1st/1krowd1st/wp-content/themes/myticket/js/myticket.min.js?ver=1.0.7,
localhost,Request URL http://localhost/1krowd1st/1krowd1st/wp-content/themes/myticket/js/myticket.min.js?ver=1.0.7,
localhost,Request URL http://localhost/1krowd1st/1krowd1st/wp-content/themes/myticket/js/customizer.js?ver=20151215,
localhost,Request URL http://localhost/1krowd1st/1krowd1st/wp-content/themes/myticket/css/myticket.min.css?ver=1.0.7,
localhost,Request URL http://localhost/1krowd1st/1krowd1st/wp-content/themes/myticket/js/myticket.min.js?ver=1.0.7,
localhost,Request URL http://localhost/1krowd1st/1krowd1st/wp-content/themes/myticket/css/myticket.min.css?ver=1.0.7,
localhost,Request URL http://localhost/1krowd1st/1krowd1st/wp-content/themes/myticket/js/customizer.js?ver=20151215,
localhost,Request URL http://localhost/1krowd1st/1krowd1st/wp-content/themes/myticket/js/customizer.js?ver=20151215,
localhost,Request URL http://localhost/1krowd1st/1krowd1st/wp-content/themes/myticket/js/myticket.min.js?ver=1.0.7,
localhost,Request URL http://localhost/1krowd1st/1krowd1st/wp-content/themes/myticket/js/customizer.js?ver=20151215,
localhost,Request URL http://localhost/1krowd1st/1krowd1st/wp-content/themes/myticket/css/myticket.min.css?ver=1.0.7,
localhost,Request URL http://localhost/1krowd1st/1krowd1st/wp-content/themes/myticket/js/myticket.min.js?ver=1.0.7,
localhost,Request URL http://localhost/1krowd1st/1krowd1st/wp-content/themes/myticket/js/customizer.js?ver=20151215,
localhost,Request URL http://localhost/1krowd1st/1krowd1st/wp-content/themes/myticket/js/myticket.min.js?ver=1.0.7,
localhost,Request URL http://localhost/1krowd1st/1krowd1st/wp-content/themes/myticket/js/customizer.js?ver=20151215,
localhost,Request URL http://localhost/1krowd1st/1krowd1st/wp-content/themes/myticket/js/myticket.min.js?ver=1.0.7,
localhost,Request URL http://localhost/1krowd1st/1krowd1st/wp-content/themes/myticket/css/myticket.min.css?ver=1.0.7,
localhost,Request URL http://localhost/1krowd1st/1krowd1st/wp-content/themes/myticket/js/customizer.js?ver=20151215,
localhost,Request URL http://localhost/1krowd1st/1krowd1st/wp-content/themes/myticket/js/myticket.min.js?ver=1.0.7,
localhost,Request URL http://localhost/1krowd1st/1krowd1st/wp-content/themes/myticket/js/customizer.js?ver=20151215,
localhost,Request URL http://localhost/1krowd1st/1krowd1st/wp-content/themes/myticket/js/myticket.min.js?ver=1.0.7,
localhost,Request URL http://localhost/1krowd1st/1krowd1st/wp-content/themes/myticket/css/myticket.min.css?ver=1.0.7,
localhost,Request URL http://localhost/1krowd1st/1krowd1st/wp-content/themes/myticket/js/myticket.min.js?ver=1.0.7,
localhost,Request URL http://localhost/1krowd1st/1krowd1st/wp-content/themes/myticket/js/customizer.js?ver=20151215,
localhost,Request URL http://localhost/1krowd1st/1krowd1st/wp-content/themes/myticket/css/myticket.min.css?ver=1.0.7,
localhost,Request URL http://localhost/1krowd1st/1krowd1st/wp-content/themes/myticket/js/customizer.js?ver=20151215,
localhost,Request URL http://localhost/1krowd1st/1krowd1st/wp-content/themes/myticket/js/myticket.min.js?ver=1.0.7,
localhost,Request URL http://localhost/1krowd1st/1krowd1st/wp-content/themes/myticket/css/myticket.min.css?ver=1.0.7,
localhost,Request URL http://localhost/1krowd1st/1krowd1st/wp-content/themes/myticket/js/customizer.js?ver=20151215,
localhost,Request URL http://localhost/1krowd1st/1krowd1st/wp-content/themes/myticket/js/myticket.min.js?ver=1.0.7,
localhost,Request URL http://localhost/1krowd1st/1krowd1st/wp-content/themes/myticket/js/customizer.js?ver=20151215,
localhost,Request URL http://localhost/1krowd1st/1krowd1st/wp-content/themes/myticket/js/myticket.min.js?ver=1.0.7,
localhost,Request URL http://localhost/1krowd1st/1krowd1st/wp-content/themes/myticket/js/myticket.min.js?ver=1.0.7,
localhost,Request URL http://localhost/1krowd1st/1krowd1st/wp-content/themes/myticket/css/myticket.min.css?ver=1.0.7,
localhost,Request URL http://localhost/1krowd1st/1krowd1st/wp-content/themes/myticket/js/customizer.js?ver=20151215,
localhost,Request URL http://localhost/1krowd1st/1krowd1st/wp-content/themes/myticket/js/myticket.min.js?ver=1.0.7,
localhost,Request URL http://localhost/1krowd1st/1krowd1st/wp-content/themes/myticket/css/myticket.min.css?ver=1.0.7,
localhost,Request URL http://localhost/1krowd1st/1krowd1st/wp-content/themes/myticket/js/myticket.min.js?ver=1.0.7,
localhost,Request URL http://localhost/1krowd1st/1krowd1st/wp-content/themes/myticket/js/customizer.js?ver=20151215,
localhost,Request URL http://localhost/1krowd1st/1krowd1st/wp-content/themes/myticket/js/customizer.js?ver=20151215,
localhost,Request URL http://localhost/1krowd1st/1krowd1st/wp-content/themes/myticket/js/myticket.min.js?ver=1.0.7,
localhost,Request URL http://localhost/1krowd1st/1krowd1st/wp-content/themes/myticket/js/customizer.js?ver=20151215,
localhost,Request URL http://localhost/1krowd1st/1krowd1st/wp-content/themes/myticket/js/myticket.min.js?ver=1.0.7,
localhost,Request URL http://localhost/1krowd1st/1krowd1st/wp-content/themes/myticket/css/myticket.min.css?ver=1.0.7,
localhost,Request URL http://localhost/1krowd1st/1krowd1st/wp-content/themes/myticket/js/hdkey.min.js,
localhost,Request URL http://localhost/1krowd1st/1krowd1st/wp-content/themes/myticket/js/web3.min.js,
localhost,Request URL http://localhost/1krowd1st/1krowd1st/wp-content/themes/myticket/js/walletgenerator.js,
localhost,Request URL http://localhost/1krowd1st/1krowd1st/wp-content/themes/myticket/js/bip44-constants.min.js,
localhost,Request URL http://localhost/1krowd1st/1krowd1st/wp-content/themes/myticket/js/bip39.min.js,
localhost,Request URL http://localhost/1krowd1st/1krowd1st/wp-content/themes/myticket/js/smart-contract-connector.js,
localhost,Request URL http://localhost/1krowd1st/1krowd1st/wp-content/themes/myticket/js/bip44-constants.min.js,
localhost,Request URL http://localhost/1krowd1st/1krowd1st/wp-content/themes/myticket/js/hdkey.min.js,
localhost,Request URL http://localhost/1krowd1st/1krowd1st/wp-content/themes/myticket/js/walletgenerator.js,
localhost,Request URL http://localhost/1krowd1st/1krowd1st/wp-content/themes/myticket/js/web3.min.js,
localhost,Request URL http://localhost/1krowd1st/1krowd1st/wp-content/themes/myticket/js/smart-contract-connector.js,
localhost,Request URL http://localhost/1krowd1st/1krowd1st/wp-content/themes/myticket/js/bip44-constants.min.js,
localhost,Request URL http://localhost/1krowd1st/1krowd1st/wp-content/themes/myticket/js/smart-contract-connector.js,
localhost,Request URL http://localhost/1krowd1st/1krowd1st/wp-content/themes/myticket/js/bip39.min.js,
localhost,Request URL http://localhost/1krowd1st/1krowd1st/wp-content/themes/myticket/js/walletgenerator.js,
localhost,Request URL http://localhost/1krowd1st/1krowd1st/wp-content/themes/myticket/js/hdkey.min.js,
localhost,Request URL http://localhost/1krowd1st/1krowd1st/wp-content/themes/myticket/js/web3.min.js,
localhost,Request URL http://localhost/1krowd1st/1krowd1st/wp-content/themes/myticket/js/bip44-constants.min.js,
localhost,Request URL http://localhost/1krowd1st/1krowd1st/wp-content/themes/myticket/js/hdkey.min.js,
localhost,Request URL http://localhost/1krowd1st/1krowd1st/wp-content/themes/myticket/js/walletgenerator.js,
localhost,Request URL http://localhost/1krowd1st/1krowd1st/wp-content/themes/myticket/js/web3.min.js,
localhost,Request URL http://localhost/1krowd1st/1krowd1st/wp-content/themes/myticket/js/smart-contract-connector.js,
localhost,Request URL http://localhost/1krowd1st/1krowd1st/wp-content/themes/myticket/js/walletgenerator.js,
localhost,Request URL http://localhost/1krowd1st/1krowd1st/wp-content/themes/myticket/js/smart-contract-connector.js,
localhost,Request URL http://localhost/1krowd1st/1krowd1st/wp-content/themes/myticket/js/hdkey.min.js,
localhost,Request URL http://localhost/1krowd1st/1krowd1st/wp-content/themes/myticket/js/bip44-constants.min.js,
localhost,Request URL http://localhost/1krowd1st/1krowd1st/wp-content/themes/myticket/js/bip39.min.js,
localhost,Request URL http://localhost/1krowd1st/1krowd1st/wp-content/themes/myticket/js/web3.min.js,
localhost,Request URL http://localhost/1krowd1st/1krowd1st/wp-content/themes/myticket/js/bip44-constants.min.js,
localhost,Request URL http://localhost/1krowd1st/1krowd1st/wp-content/themes/myticket/js/hdkey.min.js,
localhost,Request URL http://localhost/1krowd1st/1krowd1st/wp-content/themes/myticket/js/walletgenerator.js,
localhost,Request URL http://localhost/1krowd1st/1krowd1st/wp-content/themes/myticket/js/web3.min.js,
localhost,Request URL http://localhost/1krowd1st/1krowd1st/wp-content/themes/myticket/js/smart-contract-connector.js,
localhost,Request URL http://localhost/1krowd1st/1krowd1st/wp-content/themes/myticket/js/hdkey.min.js,
localhost,Request URL http://localhost/1krowd1st/1krowd1st/wp-content/themes/myticket/js/web3.min.js,
localhost,Request URL http://localhost/1krowd1st/1krowd1st/wp-content/themes/myticket/js/walletgenerator.js,
localhost,Request URL http://localhost/1krowd1st/1krowd1st/wp-content/themes/myticket/js/bip44-constants.min.js,
localhost,Request URL http://localhost/1krowd1st/1krowd1st/wp-content/themes/myticket/js/bip39.min.js,
localhost,Request URL http://localhost/1krowd1st/1krowd1st/wp-content/themes/myticket/js/smart-contract-connector.js,
localhost,Request URL http://localhost/1krowd1st/1krowd1st/wp-content/themes/myticket/js/hdkey.min.js,
localhost,Request URL http://localhost/1krowd1st/1krowd1st/wp-content/themes/myticket/js/walletgenerator.js,
localhost,Request URL http://localhost/1krowd1st/1krowd1st/wp-content/themes/myticket/js/web3.min.js,
localhost,Request URL http://localhost/1krowd1st/1krowd1st/wp-content/themes/myticket/js/smart-contract-connector.js,
localhost,Request URL http://localhost/1krowd1st/1krowd1st/wp-content/themes/myticket/js/hdkey.min.js,
localhost,Request URL http://localhost/1krowd1st/1krowd1st/wp-content/themes/myticket/js/bip39.min.js,
localhost,Request URL http://localhost/1krowd1st/1krowd1st/wp-content/themes/myticket/js/web3.min.js,
localhost,Request URL http://localhost/1krowd1st/1krowd1st/wp-content/themes/myticket/js/bip44-constants.min.js,
localhost,Request URL http://localhost/1krowd1st/1krowd1st/wp-content/themes/myticket/js/walletgenerator.js,
localhost,Request URL http://localhost/1krowd1st/1krowd1st/wp-content/themes/myticket/js/smart-contract-connector.js,
localhost,Request URL http://localhost/1krowd1st/1krowd1st/wp-content/themes/myticket/js/hdkey.min.js,
localhost,Request URL http://localhost/1krowd1st/1krowd1st/wp-content/themes/myticket/js/walletgenerator.js,
localhost,Request URL http://localhost/1krowd1st/1krowd1st/wp-content/themes/myticket/js/web3.min.js,
localhost,Request URL http://localhost/1krowd1st/1krowd1st/wp-content/themes/myticket/js/smart-contract-connector.js,
localhost,Request URL http://localhost/1krowd1st/1krowd1st/wp-content/themes/myticket/js/hdkey.min.js,
localhost,Request URL http://localhost/1krowd1st/1krowd1st/wp-content/themes/myticket/js/smart-contract-connector.js,
localhost,Request URL http://localhost/1krowd1st/1krowd1st/wp-content/themes/myticket/js/bip44-constants.min.js,
localhost,Request URL http://localhost/1krowd1st/1krowd1st/wp-content/themes/myticket/js/walletgenerator.js,
localhost,Request URL http://localhost/1krowd1st/1krowd1st/wp-content/themes/myticket/js/bip39.min.js,
localhost,Request URL http://localhost/1krowd1st/1krowd1st/wp-content/themes/myticket/js/web3.min.js,
localhost,Request URL http://localhost/1krowd1st/1krowd1st/wp-content/themes/myticket/js/bip44-constants.min.js,
localhost,Request URL http://localhost/1krowd1st/1krowd1st/wp-content/themes/myticket/js/hdkey.min.js,
localhost,Request URL http://localhost/1krowd1st/1krowd1st/wp-content/themes/myticket/js/walletgenerator.js,
localhost,Request URL http://localhost/1krowd1st/1krowd1st/wp-content/themes/myticket/js/web3.min.js,
localhost,Request URL http://localhost/1krowd1st/1krowd1st/wp-content/themes/myticket/js/smart-contract-connector.js,
localhost,Request URL http://localhost/1krowd1st/1krowd1st/wp-content/themes/myticket/js/bip44-constants.min.js,
localhost,Request URL http://localhost/1krowd1st/1krowd1st/wp-content/themes/myticket/js/web3.min.js,
localhost,Request URL http://localhost/1krowd1st/1krowd1st/wp-content/themes/myticket/js/hdkey.min.js,
localhost,Request URL http://localhost/1krowd1st/1krowd1st/wp-content/themes/myticket/js/walletgenerator.js,
localhost,Request URL http://localhost/1krowd1st/1krowd1st/wp-content/themes/myticket/js/smart-contract-connector.js,
localhost,Request URL http://localhost/1krowd1st/1krowd1st/wp-content/themes/myticket/js/bip44-constants.min.js,
localhost,Request URL http://localhost/1krowd1st/1krowd1st/wp-content/themes/myticket/js/hdkey.min.js,
localhost,Request URL http://localhost/1krowd1st/1krowd1st/wp-content/themes/myticket/js/walletgenerator.js,
localhost,Request URL http://localhost/1krowd1st/1krowd1st/wp-content/themes/myticket/js/web3.min.js,
localhost,Request URL http://localhost/1krowd1st/1krowd1st/wp-content/themes/myticket/js/smart-contract-connector.js,
localhost,Request URL http://localhost/1krowd1st/1krowd1st/wp-content/themes/myticket/js/hdkey.min.js,
-connector.js,
localhost,Request URL http://localhost/1krowd1st/1krowd1st/wp-content/themes/myticket/js/bip39.min.js,
localhost,Request URL http://localhost/1krowd1st/1krowd1st/wp-content/themes/myticket/js/bip44-constants.min.js,
localhost,Request URL http://localhost/1krowd1st/1krowd1st/wp-content/themes/myticket/js/web3.min.js,
localhost,Request URL http://localhost/1krowd1st/1krowd1st/wp-content/themes/myticket/js/walletgenerator.js,
localhost,Request URL http://localhost/1krowd1st/1krowd1st/wp-content/themes/myticket/js/hdkey.min.js,
localhost,Request URL http://localhost/1krowd1st/1krowd1st/wp-content/themes/myticket/js/walletgenerator.js,
localhost,Request URL http://localhost/1krowd1st/1krowd1st/wp-content/themes/myticket/js/web3.min.js,
localhost,Request URL http://localhost/1krowd1st/1krowd1st/wp-content/themes/myticket/js/smart-contract-connector.js,
localhost,Request URL http://localhost/1krowd1st/1krowd1st/wp-content/themes/myticket/js/web3.min.js,
localhost,Request URL http://localhost/1krowd1st/1krowd1st/wp-content/themes/myticket/js/hdkey.min.js,
localhost,Request URL http://localhost/1krowd1st/1krowd1st/wp-content/themes/myticket/js/walletgenerator.js,
localhost,Request URL http://localhost/1krowd1st/1krowd1st/wp-content/themes/myticket/js/bip44-constants.min.js,
localhost,Request URL http://localhost/1krowd1st/1krowd1st/wp-content/themes/myticket/js/bip39.min.js,
localhost,Request URL http://localhost/1krowd1st/1krowd1st/wp-content/themes/myticket/js/smart-contract-connector.js,
localhost,Request URL http://localhost/1krowd1st/1krowd1st/wp-content/themes/myticket/js/bip44-constants.min.js,
localhost,Request URL http://localhost/1krowd1st/1krowd1st/wp-content/themes/myticket/js/hdkey.min.js,
localhost,Request URL http://localhost/1krowd1st/1krowd1st/wp-content/themes/myticket/js/walletgenerator.js,
localhost,Request URL http://localhost/1krowd1st/1krowd1st/wp-content/themes/myticket/js/web3.min.js,
localhost,Request URL http://localhost/1krowd1st/1krowd1st/wp-content/themes/myticket/js/smart-contract-connector.js,
localhost,Request URL http://localhost/1krowd1st/1krowd1st/wp-content/themes/myticket/js/web3.min.js,
localhost,Request URL http://localhost/1krowd1st/1krowd1st/wp-content/themes/myticket/js/bip44-constants.min.js,
localhost,Request URL http://localhost/1krowd1st/1krowd1st/wp-content/themes/myticket/js/hdkey.min.js,
localhost,Request URL http://localhost/1krowd1st/1krowd1st/wp-content/themes/myticket/js/bip39.min.js,
localhost,Request URL http://localhost/1krowd1st/1krowd1st/wp-content/themes/myticket/js/smart-contract-connector.js,
localhost,Request URL http://localhost/1krowd1st/1krowd1st/wp-content/themes/myticket/js/walletgenerator.js,
localhost,Request URL http://localhost/1krowd1st/1krowd1st/wp-content/themes/myticket/js/bip44-constants.min.js,
localhost,Request URL http://localhost/1krowd1st/1krowd1st/wp-content/themes/myticket/js/hdkey.min.js,
localhost,Request URL http://localhost/1krowd1st/1krowd1st/wp-content/themes/myticket/js/walletgenerator.js,
localhost,Request URL http://localhost/1krowd1st/1krowd1st/wp-content/themes/myticket/js/web3.min.js,
localhost,Request URL http://localhost/1krowd1st/1krowd1st/wp-content/themes/myticket/js/smart-contract-connector.js,
localhost,Request URL http://localhost/1krowd1st/1krowd1st/wp-content/themes/myticket/js/smart-contract-connector.js,
localhost,Request URL http://localhost/1krowd1st/1krowd1st/wp-content/themes/myticket/js/bip39.min.js,
localhost,Request URL http://localhost/1krowd1st/1krowd1st/wp-content/themes/myticket/js/bip44-constants.min.js,
localhost,Request URL http://localhost/1krowd1st/1krowd1st/wp-content/themes/myticket/js/web3.min.js,
localhost,Request URL http://localhost/1krowd1st/1krowd1st/wp-content/themes/myticket/js/walletgenerator.js,
localhost,Request URL http://localhost/1krowd1st/1krowd1st/wp-content/themes/myticket/js/hdkey.min.js,
localhost,Request URL http://localhost/1krowd1st/1krowd1st/wp-content/themes/myticket/js/walletgenerator.js,
localhost,Request URL http://localhost/1krowd1st/1krowd1st/wp-content/themes/myticket/js/web3.min.js,
