localhost,Request URL http://localhost/boothstand/boothstand/wp-content/themes/myticket/js/bootstrap-select.js.map,
localhost,Request URL http://localhost/boothstand/boothstand/wp-content/plugins/dc-woocommerce-multi-vendor/lib/bootstrap/css/bootstrap.min.css.map,
localhost,Request URL http://localhost/boothstand/boothstand/dashboard/sourcemaps/inpage.js.map,
localhost,Request URL http://localhost/boothstand/boothstand/wp-content/themes/myticket/js/bootstrap-select.js.map,
localhost,Request URL http://localhost/boothstand/boothstand/wp-content/plugins/dc-woocommerce-multi-vendor/lib/bootstrap/css/bootstrap.min.css.map,
localhost,Request URL http://localhost/boothstand/boothstand/dashboard/sourcemaps/inpage.js.map,
localhost,Request URL http://localhost/boothstand/boothstand/wp-content/themes/myticket/js/bootstrap-select.js.map,
localhost,Request URL http://localhost/boothstand/boothstand/wp-content/plugins/dc-woocommerce-multi-vendor/lib/bootstrap/css/bootstrap.min.css.map,
localhost,Request URL http://localhost/boothstand/boothstand/wp-content/themes/myticket/js/bootstrap-select.js.map,
localhost,Request URL http://localhost/boothstand/boothstand/wp-content/plugins/dc-woocommerce-multi-vendor/lib/bootstrap/css/bootstrap.min.css.map,
localhost,Request URL http://localhost/boothstand/boothstand/wp-content/themes/myticket/js/bootstrap-select.js.map,
localhost,Request URL http://localhost/boothstand/boothstand/wp-content/plugins/dc-woocommerce-multi-vendor/lib/bootstrap/css/bootstrap.min.css.map,
localhost,Request URL http://localhost/boothstand/boothstand/wp-content/themes/myticket/js/bootstrap-select.js.map,
localhost,Request URL http://localhost/boothstand/boothstand/wp-content/plugins/dc-woocommerce-multi-vendor/lib/bootstrap/css/bootstrap.min.css.map,
localhost,Request URL http://localhost/boothstand/boothstand/wp-content/themes/myticket/js/bootstrap-select.js.map,
localhost,Request URL http://localhost/boothstand/boothstand/wp-content/plugins/dc-woocommerce-multi-vendor/lib/bootstrap/css/bootstrap.min.css.map,
localhost,Request URL http://localhost/boothstand/boothstand/wp-content/plugins/dc-woocommerce-multi-vendor/lib/bootstrap/css/bootstrap.min.css.map,
localhost,Request URL http://localhost/boothstand/boothstand/wp-content/themes/myticket/js/bootstrap-select.js.map,
localhost,Request URL http://localhost/boothstand/boothstand/wp-content/themes/myticket/js/bootstrap-select.js.map,
localhost,Request URL http://localhost/boothstand/boothstand/wp-content/plugins/dc-woocommerce-multi-vendor/lib/bootstrap/css/bootstrap.min.css.map,
localhost,Request URL http://localhost/boothstand/boothstand/wp-content/themes/myticket/js/bootstrap-select.js.map,
localhost,Request URL http://localhost/boothstand/boothstand/wp-content/plugins/dc-woocommerce-multi-vendor/lib/bootstrap/css/bootstrap.min.css.map,
localhost,Request URL http://localhost/boothstand/boothstand/wp-content/plugins/dc-woocommerce-multi-vendor/lib/bootstrap/css/bootstrap.min.css.map,
localhost,Request URL http://localhost/boothstand/boothstand/wp-content/themes/myticket/js/bootstrap-select.js.map,
localhost,Request URL http://localhost/boothstand/boothstand/wp-content/plugins/dc-woocommerce-multi-vendor/lib/bootstrap/css/bootstrap.min.css.map,
localhost,Request URL http://localhost/boothstand/boothstand/wp-content/themes/myticket/js/bootstrap-select.js.map,
localhost,Request URL http://localhost/boothstand/boothstand/wp-content/plugins/dc-woocommerce-multi-vendor/lib/bootstrap/css/bootstrap.min.css.map,
localhost,Request URL http://localhost/boothstand/boothstand/wp-content/themes/myticket/js/bootstrap-select.js.map,
localhost,Request URL http://localhost/boothstand/boothstand/wp-content/themes/myticket/js/bootstrap-select.js.map,
localhost,Request URL http://localhost/boothstand/boothstand/wp-content/plugins/dc-woocommerce-multi-vendor/lib/bootstrap/css/bootstrap.min.css.map,
localhost,Request URL http://localhost/boothstand/boothstand/product/bruno-mars-world-tour-2/get=tickets,
localhost,Request URL http://localhost/boothstand/boothstand/product/bruno-mars-world-tour-2/get=tickets,
localhost,Request URL http://localhost/boothstand/boothstand/wp-content/themes/myticket/js/bootstrap-select.js.map,
localhost,Request URL http://localhost/boothstand/boothstand/wp-content/themes/myticket/css/bootstrap.min.css.map,
localhost,Request URL http://localhost/boothstand/boothstand/wp-content/themes/myticket/js/bootstrap-select.js.map,
localhost,Request URL http://localhost/boothstand/boothstand/wp-content/themes/myticket/css/bootstrap.min.css.map,
localhost,Request URL http://localhost/boothstand/boothstand/wp-content/themes/myticket/css/bootstrap.min.css.map,
localhost,Request URL http://localhost/boothstand/boothstand/wp-content/themes/myticket/js/bootstrap-select.js.map,
localhost,Request URL http://localhost/boothstand/boothstand/wp-content/themes/myticket/css/bootstrap.min.css.map,
localhost,Request URL http://localhost/boothstand/boothstand/wp-content/themes/myticket/js/bootstrap-select.js.map,
localhost,Request URL http://localhost/boothstand/boothstand/wp-content/themes/myticket/css/bootstrap.min.css.map,
localhost,Request URL http://localhost/boothstand/boothstand/wp-content/themes/myticket/js/bootstrap-select.js.map,
