localhost,Request URL http://1krowd1st.test/wp-content/themes/myticket/js/customizer.js?ver=20151215,
localhost,Request URL http://1krowd1st.test/event/sourcemaps/inpage.js.map,Referer ,
localhost,Request URL http://1krowd1st.test/wp-content/themes/myticket/css/bootstrap.min.css.map,Referer ,
localhost,Request URL http://1krowd1st.test/event/sourcemaps/inpage.js.map,Referer ,
localhost,Request URL http://1krowd1st.test/wp-content/themes/myticket/css/bootstrap.min.css.map,Referer ,
localhost,Request URL http://1krowd1st.test/wp-content/themes/myticket/js/customizer.js?ver=20151215,Referer http://1krowd1st.test/?customize_changeset_uuid=7a0f0e0d-8ec0-402d-8482-72ed6104231d&customize_theme=myticket&customize_messenger_channel=preview-0,
localhost,Request URL http://1krowd1st.test/wp-content/themes/myticket/css/bootstrap.min.css.map,Referer ,
localhost,Request URL http://1krowd1st.test/wp-content/themes/myticket/css/bootstrap.min.css.map,Referer ,
localhost,Request URL http://1krowd1st.test/wp-content/themes/myticket/css/bootstrap.min.css.map,Referer ,
localhost,Request URL http://1krowd1st.test/wp-content/themes/myticket/css/bootstrap.min.css.map,Referer ,
localhost,Request URL http://1krowd1st.test/wp-content/themes/myticket/css/bootstrap.min.css.map,Referer ,
localhost,Request URL http://1krowd1st.test/wp-content/themes/myticket/css/bootstrap.min.css.map,Referer ,
localhost,Request URL http://1krowd1st.test/wp-content/themes/myticket/css/bootstrap.min.css.map,Referer ,
localhost,Request URL http://1krowd1st.test/wp-content/themes/myticket/css/bootstrap.min.css.map,Referer ,
localhost,Request URL http://1krowd1st.test/wp-content/themes/myticket/css/bootstrap.min.css.map,Referer ,
localhost,Request URL http://1krowd1st.test/wp-content/themes/myticket/css/bootstrap.min.css.map,Referer ,
localhost,Request URL http://1krowd1st.test/wp-content/themes/myticket/css/bootstrap.min.css.map,Referer ,
localhost,Request URL http://1krowd1st.test/wp-content/themes/myticket/css/bootstrap.min.css.map,Referer ,
localhost,Request URL http://1krowd1st.test/wp-content/themes/myticket/css/bootstrap.min.css.map,Referer ,
localhost,Request URL http://1krowd1st.test/wp-content/themes/myticket/css/bootstrap.min.css.map,Referer ,
localhost,Request URL http://1krowd1st.test/wp-content/themes/myticket/css/bootstrap.min.css.map,Referer ,
localhost,Request URL http://1krowd1st.test/wp-content/themes/myticket/css/bootstrap.min.css.map,Referer ,
localhost,Request URL http://1krowd1st.test/wp-content/themes/myticket/css/bootstrap.min.css.map,Referer ,
localhost,Request URL http://1krowd1st.test/wp-content/themes/myticket/css/bootstrap.min.css.map,Referer ,
localhost,Request URL http://1krowd1st.test/wp-content/themes/myticket/css/bootstrap.min.css.map,Referer ,
localhost,Request URL http://1krowd1st.test/wp-content/themes/myticket/css/bootstrap.min.css.map,Referer ,
localhost,Request URL http://1krowd1st.test/wp-content/themes/myticket/css/bootstrap.min.css.map,Referer ,
localhost,Request URL http://1krowd1st.test/wp-content/themes/myticket/css/bootstrap.min.css.map,Referer ,
localhost,Request URL http://1krowd1st.test/wp-content/themes/myticket/css/bootstrap.min.css.map,Referer ,
localhost,Request URL http://1krowd1st.test/wp-content/themes/myticket/css/bootstrap.min.css.map,Referer ,
localhost,Request URL http://1krowd1st.test/wp-content/themes/myticket/css/bootstrap.min.css.map,Referer ,
localhost,Request URL http://1krowd1st.test/wp-content/themes/myticket/css/bootstrap.min.css.map,Referer ,
localhost,Request URL http://1krowd1st.test/wp-content/themes/myticket/css/bootstrap.min.css.map,Referer ,
localhost,Request URL http://1krowd1st.test/event/sourcemaps/inpage.js.map,Referer ,
localhost,Request URL http://1krowd1st.test/wp-content/themes/myticket/css/bootstrap.min.css.map,Referer ,
localhost,Request URL http://1krowd1st.test/wp-content/themes/myticket/css/bootstrap.min.css.map,Referer ,
localhost,Request URL http://1krowd1st.test/wp-content/themes/myticket/css/bootstrap.min.css.map,Referer ,
localhost,Request URL http://1krowd1st.test/wp-content/themes/myticket/css/bootstrap.min.css.map,Referer ,
localhost,Request URL http://1krowd1st.test/wp-content/themes/myticket/css/bootstrap.min.css.map,Referer ,
localhost,Request URL http://1krowd1st.test/wp-content/themes/myticket/css/bootstrap.min.css.map,Referer ,
localhost,Request URL http://1krowd1st.test/event/sourcemaps/inpage.js.map,Referer ,
localhost,Request URL http://1krowd1st.test/wp-content/themes/myticket/css/bootstrap.min.css.map,Referer ,
localhost,Request URL http://1krowd1st.test/wp-content/themes/myticket/css/bootstrap.min.css.map,Referer ,
localhost,Request URL http://1krowd1st.test/wp-content/themes/myticket/css/bootstrap.min.css.map,Referer ,
localhost,Request URL http://1krowd1st.test/wp-content/themes/myticket/css/bootstrap.min.css.map,Referer ,
localhost,Request URL http://1krowd1st.test/event/sourcemaps/inpage.js.map,Referer ,
localhost,Request URL http://1krowd1st.test/wp-content/themes/myticket/css/bootstrap.min.css.map,Referer ,
localhost,Request URL http://1krowd1st.test/wp-content/themes/myticket/css/bootstrap.min.css.map,Referer ,
localhost,Request URL http://1krowd1st.test/wp-content/themes/myticket/css/bootstrap.min.css.map,Referer ,
localhost,Request URL http://1krowd1st.test/wp-includes/js/tinymce/skins/lightgray/skin.min.css.map,Referer ,
localhost,Request URL http://1krowd1st.test/wp-includes/js/tinymce/skins/lightgray/skin.min.css.map,Referer ,
localhost,Request URL http://1krowd1st.test/wp-content/themes/myticket/css/bootstrap.min.css.map,Referer ,
localhost,Request URL http://1krowd1st.test/wp-content/themes/myticket/css/bootstrap.min.css.map,Referer ,
localhost,Request URL http://1krowd1st.test/wp-content/themes/myticket/css/bootstrap.min.css.map,Referer ,
localhost,Request URL http://1krowd1st.test/wp-content/themes/myticket/css/bootstrap.min.css.map,Referer ,
localhost,Request URL http://1krowd1st.test/wp-content/themes/myticket/css/bootstrap.min.css.map,Referer ,
localhost,Request URL http://1krowd1st.test/wp-content/themes/myticket/css/bootstrap.min.css.map,Referer ,
localhost,Request URL http://1krowd1st.test/wp-content/themes/myticket/css/bootstrap.min.css.map,Referer ,
localhost,Request URL http://1krowd1st.test/wp-content/themes/myticket/css/bootstrap.min.css.map,Referer ,
localhost,Request URL http://1krowd1st.test/wp-content/themes/myticket/css/bootstrap.min.css.map,Referer ,
localhost,Request URL http://1krowd1st.test/wp-content/themes/myticket/css/bootstrap.min.css.map,Referer ,
localhost,Request URL http://1krowd1st.test/wp-content/themes/myticket/css/bootstrap.min.css.map,Referer ,
localhost,Request URL http://1krowd1st.test/wp-content/themes/myticket/css/bootstrap.min.css.map,Referer ,
localhost,Request URL http://1krowd1st.test/wp-content/themes/myticket/css/bootstrap.min.css.map,Referer ,
