localhost,Request URL http://1krowd1st.test/sourcemaps/inpage.js.map,Referer ,
localhost,Request URL http://1krowd1st.test/wp-content/themes/myticket/css/bootstrap.min.css.map,Referer ,
localhost,Request URL http://1krowd1st.test/wp-content/themes/myticket/css/bootstrap.min.css.map,Referer ,
localhost,Request URL http://1krowd1st.test/wp-content/themes/myticket/css/bootstrap.min.css.map,Referer ,
localhost,Request URL http://1krowd1st.test/event/sourcemaps/inpage.js.map,Referer ,
localhost,Request URL http://1krowd1st.test/wp-content/themes/myticket/css/bootstrap.min.css.map,Referer ,
localhost,Request URL http://1krowd1st.test/wp-content/themes/myticket/css/bootstrap.min.css.map,Referer ,
localhost,Request URL http://1krowd1st.test/shop,Referer ,
localhost,Request URL http://1krowd1st.test/sourcemaps/inpage.js.map,Referer ,
localhost,Request URL http://1krowd1st.test/wp-content/themes/myticket/css/bootstrap.min.css.map,Referer ,
localhost,Request URL http://1krowd1st.test/wp-content/themes/myticket/css/bootstrap.min.css.map,Referer ,
localhost,Request URL http://1krowd1st.test/wp-content/themes/myticket/js/customizer.js?ver=20151215,Referer http://1krowd1st.test/?customize_changeset_uuid=14161f30-9e0e-4a2b-9cd9-7ad4e6b138cf&customize_theme=myticket&customize_messenger_channel=preview-0,
localhost,Request URL http://1krowd1st.test/wp-content/themes/myticket/css/bootstrap.min.css.map,Referer ,
localhost,Request URL http://1krowd1st.test/sourcemaps/inpage.js.map,Referer ,
localhost,Request URL http://1krowd1st.test/wp-content/themes/myticket/css/bootstrap.min.css.map,Referer ,
localhost,Request URL http://1krowd1st.test/sourcemaps/inpage.js.map,Referer ,
localhost,Request URL http://1krowd1st.test/wp-content/themes/myticket/css/bootstrap.min.css.map,Referer ,
localhost,Request URL http://1krowd1st.test/wp-content/themes/myticket/css/bootstrap.min.css.map,Referer ,
localhost,Request URL http://1krowd1st.test/event/sourcemaps/inpage.js.map,Referer ,
localhost,Request URL http://1krowd1st.test/event/sourcemaps/inpage.js.map,Referer ,
localhost,Request URL http://1krowd1st.test/wp-content/themes/myticket/css/bootstrap.min.css.map,Referer ,
localhost,Request URL http://1krowd1st.test/wp-content/themes/myticket/css/bootstrap.min.css.map,Referer ,
localhost,Request URL http://1krowd1st.test/wp-content/themes/myticket/css/bootstrap.min.css.map,Referer ,
localhost,Request URL http://1krowd1st.test/wp-content/themes/myticket/js/customizer.js?ver=20151215,Referer http://1krowd1st.test/?customize_changeset_uuid=d5a8a77d-1186-4813-9999-84176bf9e322&customize_theme=myticket&customize_messenger_channel=preview-0,
localhost,Request URL http://1krowd1st.test/wp-content/themes/myticket/css/bootstrap.min.css.map,Referer ,
localhost,Request URL http://1krowd1st.test/sourcemaps/inpage.js.map,Referer ,
