localhost,Request URL http://localhost/1krowd1st/1krowd1st/wp-content/themes/myticket-child/style.css?ver=1.0.7,
localhost,Request URL http://localhost/1krowd1st/1krowd1st/events-search2,
localhost,Request URL http://localhost/1krowd1st/1krowd1st/events-search2,
localhost,Request URL http://localhost/1krowd1st/1krowd1st/events-search2,
localhost,Request URL http://localhost/1krowd1st/1krowd1st/events-search2,
localhost,Request URL http://localhost/1krowd1st/1krowd1st/events-search2,
localhost,Request URL http://localhost/1krowd1st/1krowd1st/events-search2,
localhost,Request URL http://localhost/1krowd1st/1krowd1st/events-search2,
localhost,Request URL http://localhost/1krowd1st/1krowd1st/events-search2,
localhost,Request URL http://localhost/1krowd1st/1krowd1st/wp-content/themes/myticket/css/bootstrap.min.css.map,
localhost,Request URL http://localhost/1krowd1st/1krowd1st/events-search2/?event=fsdfsdf,
localhost,Request URL http://localhost/1krowd1st/1krowd1st/events-search2,
localhost,Request URL http://localhost/1krowd1st/1krowd1st/events-search2,
localhost,Request URL http://localhost/1krowd1st/1krowd1st/events-search2,
localhost,Request URL http://localhost/1krowd1st/1krowd1st/event-search2,
localhost,Request URL http://localhost/1krowd1st/1krowd1st/event-search2,
localhost,Request URL http://localhost/1krowd1st/1krowd1st/event-search2,
localhost,Request URL http://localhost/1krowd1st/1krowd1st/event-search2,
localhost,Request URL http://localhost/1krowd1st/1krowd1st/event-search2,
localhost,Request URL http://localhost/1krowd1st/1krowd1st/event-search2,
localhost,Request URL http://localhost/1krowd1st/1krowd1st/event-search2,
localhost,Request URL http://localhost/1krowd1st/1krowd1st/event-search2,
localhost,Request URL http://localhost/1krowd1st/1krowd1st/event-search2,
localhost,Request URL http://localhost/1krowd1st/1krowd1st/event-search2,
localhost,Request URL http://localhost/1krowd1st/1krowd1st/event-search2,
localhost,Request URL http://localhost/1krowd1st/1krowd1st/event-search2,
localhost,Request URL http://localhost/1krowd1st/1krowd1st/event-search2,
localhost,Request URL http://localhost/1krowd1st/1krowd1st/event-search2,
localhost,Request URL http://localhost/1krowd1st/1krowd1st/event-search2,
localhost,Request URL http://localhost/1krowd1st/1krowd1st/event-search2,
localhost,Request URL http://localhost/1krowd1st/1krowd1st/event-search2,
localhost,Request URL http://localhost/1krowd1st/1krowd1st/event-search2,
localhost,Request URL http://localhost/1krowd1st/1krowd1st/event-search2,
localhost,Request URL http://localhost/1krowd1st/1krowd1st/event-search2,
localhost,Request URL http://localhost/1krowd1st/1krowd1st/event-search2,
localhost,Request URL http://localhost/1krowd1st/1krowd1st/event-search2,
localhost,Request URL http://localhost/1krowd1st/1krowd1st/event-search2,
localhost,Request URL http://localhost/1krowd1st/1krowd1st/event-search2,
localhost,Request URL http://localhost/1krowd1st/1krowd1st/event-search2,
localhost,Request URL http://localhost/1krowd1st/1krowd1st/event-search2,
localhost,Request URL http://localhost/1krowd1st/1krowd1st/event-search2,
localhost,Request URL http://localhost/1krowd1st/1krowd1st/event-search2,
localhost,Request URL http://localhost/1krowd1st/1krowd1st/event-search2,
localhost,Request URL http://localhost/1krowd1st/1krowd1st/event-search2,
localhost,Request URL http://localhost/1krowd1st/1krowd1st/wp-content/themes/myticket/css/myticket.min.css?ver=1.0.7,
localhost,Request URL http://localhost/1krowd1st/1krowd1st/wp-content/themes/myticket/js/myticket.min.js?ver=1.0.7,
localhost,Request URL http://localhost/1krowd1st/1krowd1st/wp-content/themes/myticket/js/customizer.js?ver=20151215,
localhost,Request URL http://localhost/1krowd1st/1krowd1st/wp-content/themes/myticket/js/customizer.js?ver=20151215,
localhost,Request URL http://localhost/1krowd1st/1krowd1st/wp-content/themes/myticket/js/myticket.min.js?ver=1.0.7,
localhost,Request URL http://localhost/1krowd1st/1krowd1st/wp-content/themes/myticket/css/myticket.min.css?ver=1.0.7,
localhost,Request URL http://localhost/1krowd1st/1krowd1st/wp-content/themes/myticket/js/myticket.min.js?ver=1.0.7,
localhost,Request URL http://localhost/1krowd1st/1krowd1st/wp-content/themes/myticket/js/customizer.js?ver=20151215,
localhost,Request URL http://localhost/1krowd1st/1krowd1st/wp-content/themes/myticket/js/customizer.js?ver=20151215,
localhost,Request URL http://localhost/1krowd1st/1krowd1st/wp-content/themes/myticket/js/myticket.min.js?ver=1.0.7,
localhost,Request URL http://localhost/1krowd1st/1krowd1st/wp-content/themes/myticket/css/myticket.min.css?ver=1.0.7,
localhost,Request URL http://localhost/1krowd1st/1krowd1st/wp-content/themes/myticket/js/customizer.js?ver=20151215,
localhost,Request URL http://localhost/1krowd1st/1krowd1st/wp-content/themes/myticket/js/myticket.min.js?ver=1.0.7,
localhost,Request URL http://localhost/1krowd1st/1krowd1st/wp-content/themes/myticket/js/customizer.js?ver=20151215,
localhost,Request URL http://localhost/1krowd1st/1krowd1st/wp-content/themes/myticket/js/myticket.min.js?ver=1.0.7,
