localhost,Request URL http://1krowd1st.test/?post_type=product&p=9337,Referer http://1krowd1st.test/event/tyler-smith-live-in-paris/,
localhost,Request URL http://1krowd1st.test/?post_type=product&p=9337,Referer http://1krowd1st.test/event/tyler-smith-live-in-paris/?add-to-cart=9337,
localhost,Request URL http://1krowd1st.test/wp-content/themes/myticket/css/bootstrap.min.css.map,Referer ,
localhost,Request URL http://1krowd1st.test/event/sourcemaps/inpage.js.map,Referer ,
localhost,Request URL http://1krowd1st.test/wp-content/plugins/dc-woocommerce-multi-vendor/lib/bootstrap/css/bootstrap.min.css.map,Referer ,
localhost,Request URL http://1krowd1st.test/wp-content/plugins/dc-woocommerce-multi-vendor/lib/bootstrap/css/bootstrap.min.css.map,Referer ,
localhost,Request URL http://1krowd1st.test/wp-content/themes/myticket/js/bootstrap-select.js.map,Referer ,
localhost,Request URL http://1krowd1st.test/wp-content/themes/myticket/js/bootstrap-select.js.map,Referer ,
localhost,Request URL http://1krowd1st.test/wp-content/themes/myticket/js/bootstrap-select.js.map,Referer ,
localhost,Request URL http://1krowd1st.test/wp-content/themes/myticket/js/bootstrap-select.js.map,Referer ,
localhost,Request URL http://1krowd1st.test/wp-content/themes/myticket/js/bootstrap-select.js.map,Referer ,
localhost,Request URL http://1krowd1st.test/wp-content/themes/myticket/js/bootstrap-select.js.map,Referer ,
localhost,Request URL http://1krowd1st.test/wp-content/themes/myticket/js/bootstrap-select.js.map,Referer ,
localhost,Request URL http://1krowd1st.test/wp-content/themes/myticket/js/bootstrap-select.js.map,Referer ,
localhost,Request URL http://1krowd1st.test/wp-content/plugins/dc-woocommerce-multi-vendor/lib/bootstrap/css/bootstrap.min.css.map,Referer ,
localhost,Request URL http://1krowd1st.test/wp-content/themes/myticket/js/bootstrap-select.js.map,Referer ,
localhost,Request URL http://1krowd1st.test/wp-content/plugins/dc-woocommerce-multi-vendor/lib/bootstrap/css/bootstrap.min.css.map,Referer ,
localhost,Request URL http://1krowd1st.test/wp-content/themes/myticket/js/bootstrap-select.js.map,Referer ,
localhost,Request URL http://1krowd1st.test/wp-content/themes/myticket/js/bootstrap-select.js.map,Referer ,
localhost,Request URL http://1krowd1st.test/wp-content/themes/myticket/js/bootstrap-select.js.map,Referer ,
localhost,Request URL http://1krowd1st.test/wp-content/plugins/dc-woocommerce-multi-vendor/lib/bootstrap/css/bootstrap.min.css.map,Referer ,
localhost,Request URL http://1krowd1st.test/wp-content/themes/myticket/js/bootstrap-select.js.map,Referer ,
localhost,Request URL http://1krowd1st.test/wp-content/plugins/dc-woocommerce-multi-vendor/lib/bootstrap/css/bootstrap.min.css.map,Referer ,
localhost,Request URL http://1krowd1st.test/wp-content/themes/myticket/js/bootstrap-select.js.map,Referer ,
localhost,Request URL http://1krowd1st.test/wp-content/plugins/dc-woocommerce-multi-vendor/lib/bootstrap/css/bootstrap.min.css.map,Referer ,
localhost,Request URL http://1krowd1st.test/wp-content/themes/myticket/js/bootstrap-select.js.map,Referer ,
localhost,Request URL http://1krowd1st.test/wp-content/plugins/dc-woocommerce-multi-vendor/lib/bootstrap/css/bootstrap.min.css.map,Referer ,
localhost,Request URL http://1krowd1st.test/wp-content/themes/myticket/js/bootstrap-select.js.map,Referer ,
localhost,Request URL http://1krowd1st.test/wp-content/plugins/dc-woocommerce-multi-vendor/lib/bootstrap/css/bootstrap.min.css.map,Referer ,
localhost,Request URL http://1krowd1st.test/wp-content/themes/myticket/js/bootstrap-select.js.map,Referer ,
localhost,Request URL http://1krowd1st.test/wp-content/themes/myticket/js/customizer.js?ver=20151215,Referer http://1krowd1st.test/?customize_changeset_uuid=a30b360b-a721-4fd9-8935-0310dd2294c5&customize_theme=myticket&customize_messenger_channel=preview-0,
localhost,Request URL http://1krowd1st.test/wp-content/themes/myticket/js/customizer.js?ver=20151215,Referer http://1krowd1st.test/?customize_changeset_uuid=a30b360b-a721-4fd9-8935-0310dd2294c5&customize_theme=myticket&customize_messenger_channel=preview-1&customize_autosaved=on,
localhost,Request URL http://1krowd1st.test/wp-content/themes/myticket/js/customizer.js?ver=20151215,Referer http://1krowd1st.test/?customize_changeset_uuid=a30b360b-a721-4fd9-8935-0310dd2294c5&customize_theme=myticket&customize_messenger_channel=preview-2&customize_autosaved=on,
localhost,Request URL http://1krowd1st.test/wp-content/themes/myticket/js/customizer.js?ver=20151215,Referer http://1krowd1st.test/?customize_changeset_uuid=a30b360b-a721-4fd9-8935-0310dd2294c5&customize_theme=myticket&customize_messenger_channel=preview-3&customize_autosaved=on,
localhost,Request URL http://1krowd1st.test/wp-content/themes/myticket/js/customizer.js?ver=20151215,Referer http://1krowd1st.test/?customize_changeset_uuid=a30b360b-a721-4fd9-8935-0310dd2294c5&customize_theme=myticket&customize_messenger_channel=preview-4&customize_autosaved=on,
