localhost,Request URL http://localhost/boothstand/boothstand/wp-content/themes/myticket/css/bootstrap.min.css.map,
localhost,Request URL http://localhost/boothstand/boothstand/wp-content/themes/myticket/css/bootstrap.min.css.map,
localhost,Request URL http://localhost/boothstand/boothstand/wp-content/themes/myticket/css/bootstrap.min.css.map,
localhost,Request URL http://localhost/boothstand/boothstand/wp-content/themes/myticket/css/bootstrap.min.css.map,
localhost,Request URL http://localhost/boothstand/boothstand/wp-content/themes/myticket/css/bootstrap.min.css.map,
localhost,Request URL http://localhost/boothstand/boothstand/wp-content/themes/myticket/css/bootstrap.min.css.map,
localhost,Request URL http://localhost/boothstand/boothstand/wp-content/themes/myticket/css/bootstrap.min.css.map,
localhost,Request URL http://localhost/boothstand/boothstand/wp-content/themes/myticket/css/bootstrap.min.css.map,
localhost,Request URL http://localhost/boothstand/boothstand/wp-content/themes/myticket/css/bootstrap.min.css.map,
localhost,Request URL http://localhost/boothstand/boothstand/wp-content/themes/myticket/css/bootstrap.min.css.map,
localhost,Request URL http://localhost/boothstand/boothstand/wp-content/themes/myticket/css/bootstrap.min.css.map,
localhost,Request URL http://localhost/boothstand/boothstand/wp-content/themes/myticket/css/bootstrap.min.css.map,
localhost,Request URL http://localhost/boothstand/boothstand/wp-content/themes/myticket/css/bootstrap.min.css.map,
localhost,Request URL http://localhost/boothstand/boothstand/wp-content/themes/myticket/css/bootstrap.min.css.map,
localhost,Request URL http://localhost/boothstand/boothstand/wp-content/themes/myticket/css/bootstrap.min.css.map,
localhost,Request URL http://localhost/boothstand/boothstand/wp-content/themes/myticket/css/bootstrap.min.css.map,
localhost,Request URL http://localhost/boothstand/boothstand/wp-content/themes/myticket/css/bootstrap.min.css.map,
localhost,Request URL http://localhost/boothstand/boothstand/wp-content/themes/myticket/css/bootstrap.min.css.map,
localhost,Request URL http://localhost/boothstand/boothstand/wp-content/themes/myticket/css/bootstrap.min.css.map,
localhost,Request URL http://localhost/boothstand/boothstand/wp-content/themes/myticket/css/bootstrap.min.css.map,
localhost,Request URL http://localhost/boothstand/boothstand/wp-content/themes/myticket/css/bootstrap.min.css.map,
localhost,Request URL http://localhost/boothstand/boothstand/wp-content/themes/myticket/css/bootstrap.min.css.map,
localhost,Request URL http://localhost/boothstand/boothstand/wp-content/themes/myticket/css/bootstrap.min.css.map,
localhost,Request URL http://localhost/boothstand/boothstand/wp-content/themes/myticket/css/bootstrap.min.css.map,
localhost,Request URL http://localhost/boothstand/boothstand/wp-content/themes/myticket/css/bootstrap.min.css.map,
localhost,Request URL http://localhost/boothstand/boothstand/wp-content/themes/myticket/js/customizer.js?ver=20151215,
localhost,Request URL http://localhost/boothstand/boothstand/wp-content/themes/myticket/js/customizer.js?ver=20151215,
localhost,Request URL http://localhost/boothstand/boothstand/wp-content/themes/myticket/js/customizer.js?ver=20151215,
localhost,Request URL http://localhost/boothstand/boothstand/wp-content/themes/myticket/js/customizer.js?ver=20151215,
localhost,Request URL http://localhost/boothstand/boothstand/wp-content/themes/myticket/js/customizer.js?ver=20151215,
localhost,Request URL http://localhost/boothstand/boothstand/wp-content/themes/myticket/js/customizer.js?ver=20151215,
localhost,Request URL http://localhost/boothstand/boothstand/wp-content/themes/myticket/js/customizer.js?ver=20151215,
localhost,Request URL http://localhost/boothstand/boothstand/wp-content/themes/myticket/js/customizer.js?ver=20151215,
localhost,Request URL http://localhost/boothstand/boothstand/wp-content/themes/myticket/js/customizer.js?ver=20151215,
localhost,Request URL http://localhost/boothstand/boothstand/wp-content/themes/myticket/js/customizer.js?ver=20151215,
localhost,Request URL http://localhost/boothstand/boothstand/wp-content/themes/myticket/js/customizer.js?ver=20151215,
localhost,Request URL http://localhost/boothstand/boothstand/wp-content/themes/myticket/js/customizer.js?ver=20151215,
localhost,Request URL http://localhost/boothstand/boothstand/wp-content/themes/myticket/js/customizer.js?ver=20151215,
localhost,Request URL http://localhost/boothstand/boothstand/wp-content/themes/myticket/css/bootstrap.min.css.map,
localhost,Request URL http://localhost/boothstand/boothstand/product/sourcemaps/inpage.js.map,
localhost,Request URL http://localhost/boothstand/boothstand/wp-content/themes/myticket/css/bootstrap.min.css.map,
localhost,Request URL http://localhost/boothstand/boothstand/wp-content/themes/myticket/css/bootstrap.min.css.map,
localhost,Request URL http://localhost/boothstand/boothstand/product/bruno-mars-world-tour-2,
localhost,Request URL http://localhost/boothstand/boothstand/wp-content/plugins/dc-woocommerce-multi-vendor//assets/admin/css/chosen-sprite@2x.png,
localhost,Request URL http://localhost/boothstand/boothstand/product/bruno-mars-world-tour-2,
localhost,Request URL http://localhost/boothstand/boothstand/wp-content/plugins/dc-woocommerce-multi-vendor//assets/admin/css/chosen-sprite@2x.png,
localhost,Request URL http://localhost/boothstand/boothstand/wp-content/plugins/dc-woocommerce-multi-vendor//assets/admin/css/chosen-sprite@2x.png,
localhost,Request URL http://localhost/boothstand/boothstand/wp-content/plugins/dc-woocommerce-multi-vendor//assets/admin/css/chosen-sprite@2x.png,
localhost,Request URL http://localhost/boothstand/boothstand/wp-content/themes/myticket/css/bootstrap.min.css.map,
localhost,Request URL http://localhost/boothstand/boothstand/wp-content/themes/myticket/css/bootstrap.min.css.map,
localhost,Request URL http://localhost/boothstand/boothstand/wp-content/themes/myticket/js/bootstrap-select.js.map,
localhost,Request URL http://localhost/boothstand/boothstand/sourcemaps/inpage.js.map,
localhost,Request URL http://localhost/boothstand/boothstand/wp-content/themes/myticket/css/bootstrap.min.css.map,
localhost,Request URL http://localhost/boothstand/boothstand/wp-content/themes/myticket/css/bootstrap.min.css.map,
localhost,Request URL http://localhost/boothstand/boothstand/wp-content/themes/myticket/js/bootstrap-select.js.map,
localhost,Request URL http://localhost/boothstand/boothstand/wp-content/themes/myticket/css/bootstrap.min.css.map,
localhost,Request URL http://localhost/boothstand/boothstand/wp-content/themes/myticket/css/bootstrap.min.css.map,
localhost,Request URL http://localhost/boothstand/boothstand/wp-content/themes/myticket/css/bootstrap.min.css.map,
localhost,Request URL http://localhost/boothstand/boothstand/wp-content/themes/myticket/css/bootstrap.min.css.map,
localhost,Request URL http://localhost/boothstand/boothstand/wp-content/plugins/dc-woocommerce-multi-vendor/lib/bootstrap/css/bootstrap.min.css.map,
localhost,Request URL http://localhost/boothstand/boothstand/wp-content/themes/myticket/js/bootstrap-select.js.map,
localhost,Request URL http://localhost/boothstand/boothstand/wp-content/themes/myticket/js/bootstrap-select.js.map,
localhost,Request URL http://localhost/boothstand/boothstand/wp-content/themes/myticket/js/bootstrap-select.js.map,
localhost,Request URL http://localhost/boothstand/boothstand/wp-content/themes/myticket/js/bootstrap-select.js.map,
localhost,Request URL http://localhost/boothstand/boothstand/login/dashboard,
