2021-12-30T03:31:32+00:00 CRITICAL syntax error, unexpected '...' (T_ELLIPSIS) in C:\laragon\www\nftassets\wp-content\plugins\misha-gateway\misha-gateway.php on line 127

2021-12-30T03:31:35+00:00 CRITICAL syntax error, unexpected '...' (T_ELLIPSIS) in C:\laragon\www\nftassets\wp-content\plugins\misha-gateway\misha-gateway.php on line 127

2021-12-30T03:31:36+00:00 CRITICAL syntax error, unexpected '...' (T_ELLIPSIS) in C:\laragon\www\nftassets\wp-content\plugins\misha-gateway\misha-gateway.php on line 127

2021-12-30T03:36:24+00:00 CRITICAL syntax error, unexpected '...' (T_ELLIPSIS) in C:\laragon\www\nftassets\wp-content\plugins\misha-gateway\misha-gateway.php on line 127

2021-12-30T03:36:28+00:00 CRITICAL syntax error, unexpected '...' (T_ELLIPSIS) in C:\laragon\www\nftassets\wp-content\plugins\misha-gateway\misha-gateway.php on line 127

2021-12-30T03:36:29+00:00 CRITICAL syntax error, unexpected '...' (T_ELLIPSIS) in C:\laragon\www\nftassets\wp-content\plugins\misha-gateway\misha-gateway.php on line 127

2021-12-30T03:41:39+00:00 CRITICAL syntax error, unexpected ')' in C:\laragon\www\nftassets\wp-content\plugins\misha-gateway\misha-gateway.php on line 235

2021-12-30T03:41:44+00:00 CRITICAL syntax error, unexpected ')' in C:\laragon\www\nftassets\wp-content\plugins\misha-gateway\misha-gateway.php on line 235

2021-12-30T03:41:45+00:00 CRITICAL syntax error, unexpected ')' in C:\laragon\www\nftassets\wp-content\plugins\misha-gateway\misha-gateway.php on line 235

2021-12-30T08:13:19+00:00 CRITICAL Uncaught Error: Call to a member function get_id() on bool in C:\laragon\www\nftassets\wp-content\themes\myticket\woocommerce\checkout\thankyou.php:31
Stack trace:
#0 C:\laragon\www\nftassets\wp-content\plugins\woocommerce\includes\wc-core-functions.php(249): include()
#1 C:\laragon\www\nftassets\wp-content\plugins\woocommerce\includes\shortcodes\class-wc-shortcode-checkout.php(248): wc_get_template('checkout/thanky...', Array)
#2 C:\laragon\www\nftassets\wp-content\plugins\woocommerce\includes\shortcodes\class-wc-shortcode-checkout.php(63): WC_Shortcode_Checkout::order_received(0)
#3 C:\laragon\www\nftassets\wp-content\plugins\woocommerce\includes\class-wc-shortcodes.php(72): WC_Shortcode_Checkout::output('')
#4 C:\laragon\www\nftassets\wp-content\plugins\woocommerce\includes\class-wc-shortcodes.php(95): WC_Shortcodes::shortcode_wrapper(Array, '')
#5 C:\laragon\www\nftassets\wp-includes\shortcodes.php(325): WC_Shortcodes::checkout('', '', 'woocommerce_che...')
#6 [internal function]: do_shortcode_tag(Array)
 in C:\laragon\www\nftassets\wp-content\themes\myticket\woocommerce\checkout\thankyou.php on line 31

2021-12-30T09:14:20+00:00 CRITICAL syntax error, unexpected 'echo' (T_ECHO) in C:\laragon\www\nftassets\wp-content\themes\myticket\functions.php on line 29

2021-12-30T09:14:41+00:00 CRITICAL syntax error, unexpected 'class' (T_CLASS), expecting ';' or ',' in C:\laragon\www\nftassets\wp-content\themes\myticket\functions.php on line 31

2021-12-30T09:15:04+00:00 CRITICAL syntax error, unexpected 'class' (T_CLASS), expecting ';' or ',' in C:\laragon\www\nftassets\wp-content\themes\myticket\functions.php on line 31

2021-12-30T09:16:21+00:00 CRITICAL syntax error, unexpected 'Enter' (T_STRING), expecting ';' or ',' in C:\laragon\www\nftassets\wp-content\themes\myticket\functions.php on line 31

2021-12-30T09:16:42+00:00 CRITICAL syntax error, unexpected 'Enter' (T_STRING), expecting ';' or ',' in C:\laragon\www\nftassets\wp-content\themes\myticket\functions.php on line 31

2021-12-30T09:17:05+00:00 CRITICAL syntax error, unexpected '<' in C:\laragon\www\nftassets\wp-content\themes\myticket\functions.php on line 31

2021-12-30T09:18:22+00:00 CRITICAL syntax error, unexpected '<' in C:\laragon\www\nftassets\wp-content\themes\myticket\functions.php on line 31

2021-12-30T09:18:43+00:00 CRITICAL syntax error, unexpected '<' in C:\laragon\www\nftassets\wp-content\themes\myticket\functions.php on line 31

2021-12-30T09:19:06+00:00 CRITICAL syntax error, unexpected '<' in C:\laragon\www\nftassets\wp-content\themes\myticket\functions.php on line 31

2021-12-30T09:19:31+00:00 CRITICAL syntax error, unexpected '<' in C:\laragon\www\nftassets\wp-content\themes\myticket\functions.php on line 31

2021-12-30T09:19:46+00:00 CRITICAL syntax error, unexpected '<' in C:\laragon\www\nftassets\wp-content\themes\myticket\functions.php on line 31

2021-12-30T09:21:47+00:00 CRITICAL syntax error, unexpected '<' in C:\laragon\www\nftassets\wp-content\themes\myticket\functions.php on line 31

2021-12-30T09:23:48+00:00 CRITICAL syntax error, unexpected '<' in C:\laragon\www\nftassets\wp-content\themes\myticket\functions.php on line 31

2021-12-30T09:25:49+00:00 CRITICAL syntax error, unexpected '<' in C:\laragon\www\nftassets\wp-content\themes\myticket\functions.php on line 31

2021-12-30T09:27:50+00:00 CRITICAL syntax error, unexpected '<' in C:\laragon\www\nftassets\wp-content\themes\myticket\functions.php on line 31

2021-12-30T09:29:51+00:00 CRITICAL syntax error, unexpected '<' in C:\laragon\www\nftassets\wp-content\themes\myticket\functions.php on line 31

2021-12-30T09:33:07+00:00 CRITICAL syntax error, unexpected '<' in C:\laragon\www\nftassets\wp-content\themes\myticket\functions.php on line 31

2021-12-30T09:33:11+00:00 CRITICAL syntax error, unexpected '<' in C:\laragon\www\nftassets\wp-content\themes\myticket\functions.php on line 31

2021-12-30T09:33:12+00:00 CRITICAL syntax error, unexpected '<' in C:\laragon\www\nftassets\wp-content\themes\myticket\functions.php on line 31

2021-12-30T09:33:14+00:00 CRITICAL syntax error, unexpected '<' in C:\laragon\www\nftassets\wp-content\themes\myticket\functions.php on line 31

2021-12-30T11:39:28+00:00 CRITICAL Uncaught Error: Call to a member function get_id() on bool in C:\laragon\www\nftassets\wp-content\themes\myticket\woocommerce\checkout\thankyou.php:31
Stack trace:
#0 C:\laragon\www\nftassets\wp-content\plugins\woocommerce\includes\wc-core-functions.php(249): include()
#1 C:\laragon\www\nftassets\wp-content\plugins\woocommerce\includes\shortcodes\class-wc-shortcode-checkout.php(248): wc_get_template('checkout/thanky...', Array)
#2 C:\laragon\www\nftassets\wp-content\plugins\woocommerce\includes\shortcodes\class-wc-shortcode-checkout.php(63): WC_Shortcode_Checkout::order_received(0)
#3 C:\laragon\www\nftassets\wp-content\plugins\woocommerce\includes\class-wc-shortcodes.php(72): WC_Shortcode_Checkout::output('')
#4 C:\laragon\www\nftassets\wp-content\plugins\woocommerce\includes\class-wc-shortcodes.php(95): WC_Shortcodes::shortcode_wrapper(Array, '')
#5 C:\laragon\www\nftassets\wp-includes\shortcodes.php(325): WC_Shortcodes::checkout('', '', 'woocommerce_che...')
#6 [internal function]: do_shortcode_tag(Array)
 in C:\laragon\www\nftassets\wp-content\themes\myticket\woocommerce\checkout\thankyou.php on line 31

